<?xml version="1.0" encoding="UTF-8"?>
<testng-results skipped="0" failed="0" total="1" passed="1">
  <reporter-output>
  </reporter-output>
  <suite name="Default suite" duration-ms="16498" started-at="2018-09-20T11:47:09Z" finished-at="2018-09-20T11:47:25Z">
    <groups>
    </groups>
    <test name="Default test" duration-ms="16498" started-at="2018-09-20T11:47:09Z" finished-at="2018-09-20T11:47:25Z">
      <class name="project.bmr.Favorites">
        <test-method status="PASS" signature="testfav()[pri:0, instance:project.bmr.Favorites@6f7fd0e6]" name="testfav" duration-ms="16469" started-at="2018-09-20T17:17:09Z" finished-at="2018-09-20T17:17:25Z">
          <reporter-output>
          </reporter-output>
        </test-method> <!-- testfav -->
      </class> <!-- project.bmr.Favorites -->
    </test> <!-- Default test -->
  </suite> <!-- Default suite -->
</testng-results>
