<?xml version="1.0" encoding="UTF-8"?>
<testng-results skipped="0" failed="0" ignored="0" total="1" passed="1">
  <reporter-output>
  </reporter-output>
  <suite name="Default suite" duration-ms="17070" started-at="2018-08-28T00:02:29Z" finished-at="2018-08-28T00:02:46Z">
    <groups>
    </groups>
    <test name="Default test" duration-ms="17070" started-at="2018-08-28T00:02:29Z" finished-at="2018-08-28T00:02:46Z">
      <class name="com.ddf.test.DDFTest">
        <test-method status="PASS" signature="openBrowser()[pri:0, instance:com.ddf.test.DDFTest@4667ae56]" name="openBrowser" is-config="true" duration-ms="5936" started-at="2018-08-28T00:02:29Z" finished-at="2018-08-28T00:02:35Z">
          <reporter-output>
          </reporter-output>
        </test-method> <!-- openBrowser -->
        <test-method status="PASS" signature="ddf()[pri:0, instance:com.ddf.test.DDFTest@4667ae56]" name="ddf" duration-ms="8958" started-at="2018-08-28T00:02:35Z" finished-at="2018-08-28T00:02:44Z">
          <reporter-output>
          </reporter-output>
        </test-method> <!-- ddf -->
        <test-method status="PASS" signature="closeBrowser()[pri:0, instance:com.ddf.test.DDFTest@4667ae56]" name="closeBrowser" is-config="true" duration-ms="2147" started-at="2018-08-28T00:02:44Z" finished-at="2018-08-28T00:02:46Z">
          <reporter-output>
          </reporter-output>
        </test-method> <!-- closeBrowser -->
      </class> <!-- com.ddf.test.DDFTest -->
    </test> <!-- Default test -->
  </suite> <!-- Default suite -->
</testng-results>
