<?xml version="1.0" encoding="UTF-8"?>
<testng-results skipped="0" failed="0" ignored="0" total="1" passed="1">
  <reporter-output>
  </reporter-output>
  <suite name="Suite" duration-ms="14277" started-at="2018-09-19T10:28:06Z" finished-at="2018-09-19T10:28:20Z">
    <groups>
    </groups>
    <test name="TestA" duration-ms="14277" started-at="2018-09-19T10:28:06Z" finished-at="2018-09-19T10:28:20Z">
      <class name="testngproject.TestngEnter">
        <test-method status="PASS" signature="before()[pri:0, instance:testngproject.TestngEnter@6e1ec318]" name="before" is-config="true" duration-ms="4903" started-at="2018-09-19T10:28:06Z" finished-at="2018-09-19T10:28:11Z">
          <reporter-output>
          </reporter-output>
        </test-method> <!-- before -->
        <test-method status="PASS" signature="test(java.lang.String, java.lang.String, java.lang.String, java.lang.String)[pri:0, instance:testngproject.TestngEnter@6e1ec318]" name="test" duration-ms="9311" started-at="2018-09-19T10:28:11Z" finished-at="2018-09-19T10:28:20Z">
          <params>
            <param index="0">
              <value>
                <![CDATA[Aishwarya]]>
              </value>
            </param>
            <param index="1">
              <value>
                <![CDATA[Shubhalaxmi]]>
              </value>
            </param>
            <param index="2">
              <value>
                <![CDATA[shubhalaxmiaishwarya3]]>
              </value>
            </param>
            <param index="3">
              <value>
                <![CDATA[As@831996]]>
              </value>
            </param>
          </params>
          <reporter-output>
          </reporter-output>
        </test-method> <!-- test -->
        <test-method status="PASS" signature="after()[pri:0, instance:testngproject.TestngEnter@6e1ec318]" name="after" is-config="true" duration-ms="1" started-at="2018-09-19T10:28:20Z" finished-at="2018-09-19T10:28:20Z">
          <reporter-output>
          </reporter-output>
        </test-method> <!-- after -->
      </class> <!-- testngproject.TestngEnter -->
    </test> <!-- TestA -->
  </suite> <!-- Suite -->
</testng-results>
