<?xml version="1.0" encoding="UTF-8"?>
<testng-results skipped="0" failed="1" ignored="0" total="1" passed="0">
  <reporter-output>
  </reporter-output>
  <suite name="Default suite" duration-ms="36615" started-at="2018-09-24T01:13:11Z" finished-at="2018-09-24T01:13:47Z">
    <groups>
    </groups>
    <test name="Default test" duration-ms="36615" started-at="2018-09-24T01:13:11Z" finished-at="2018-09-24T01:13:47Z">
      <class name="com.pom.pages.pomMercury.BookFlightTest">
        <test-method status="PASS" signature="openBrowser()[pri:0, instance:com.pom.pages.pomMercury.BookFlightTest@f6c48ac]" name="openBrowser" is-config="true" duration-ms="24814" started-at="2018-09-24T01:13:11Z" finished-at="2018-09-24T01:13:35Z">
          <reporter-output>
          </reporter-output>
        </test-method> <!-- openBrowser -->
        <test-method status="FAIL" signature="bookTicket()[pri:0, instance:com.pom.pages.pomMercury.BookFlightTest@f6c48ac]" name="bookTicket" duration-ms="11308" started-at="2018-09-24T01:13:35Z" finished-at="2018-09-24T01:13:47Z">
          <exception class="java.lang.NullPointerException">
            <full-stacktrace>
              <![CDATA[java.lang.NullPointerException
at java.io.File.<init>(File.java:277)
at com.relevantcodes.extentreports.Report.setFilePath(Report.java:527)
at com.relevantcodes.extentreports.ExtentReports.<init>(ExtentReports.java:80)
at com.relevantcodes.extentreports.ExtentReports.<init>(ExtentReports.java:375)
at com.pom.report.ExtentReport.rep(ExtentReport.java:16)
at com.pom.pages.pomMercury.BookFlightTest.bookTicket(BookFlightTest.java:37)
at sun.reflect.NativeMethodAccessorImpl.invoke0(Native Method)
at sun.reflect.NativeMethodAccessorImpl.invoke(NativeMethodAccessorImpl.java:62)
at sun.reflect.DelegatingMethodAccessorImpl.invoke(DelegatingMethodAccessorImpl.java:43)
at java.lang.reflect.Method.invoke(Method.java:498)
at org.testng.internal.MethodInvocationHelper.invokeMethod(MethodInvocationHelper.java:124)
at org.testng.internal.Invoker.invokeMethod(Invoker.java:580)
at org.testng.internal.Invoker.invokeTestMethod(Invoker.java:716)
at org.testng.internal.Invoker.invokeTestMethods(Invoker.java:988)
at org.testng.internal.TestMethodWorker.invokeTestMethods(TestMethodWorker.java:125)
at org.testng.internal.TestMethodWorker.run(TestMethodWorker.java:109)
at org.testng.TestRunner.privateRun(TestRunner.java:648)
at org.testng.TestRunner.run(TestRunner.java:505)
at org.testng.SuiteRunner.runTest(SuiteRunner.java:455)
at org.testng.SuiteRunner.runSequentially(SuiteRunner.java:450)
at org.testng.SuiteRunner.privateRun(SuiteRunner.java:415)
at org.testng.SuiteRunner.run(SuiteRunner.java:364)
at org.testng.SuiteRunnerWorker.runSuite(SuiteRunnerWorker.java:52)
at org.testng.SuiteRunnerWorker.run(SuiteRunnerWorker.java:84)
at org.testng.TestNG.runSuitesSequentially(TestNG.java:1208)
at org.testng.TestNG.runSuitesLocally(TestNG.java:1137)
at org.testng.TestNG.runSuites(TestNG.java:1049)
at org.testng.TestNG.run(TestNG.java:1017)
at org.testng.remote.AbstractRemoteTestNG.run(AbstractRemoteTestNG.java:114)
at org.testng.remote.RemoteTestNG.initAndRun(RemoteTestNG.java:251)
at org.testng.remote.RemoteTestNG.main(RemoteTestNG.java:77)
]]>
            </full-stacktrace>
          </exception> <!-- java.lang.NullPointerException -->
          <reporter-output>
          </reporter-output>
        </test-method> <!-- bookTicket -->
        <test-method status="PASS" signature="closeBrowser()[pri:0, instance:com.pom.pages.pomMercury.BookFlightTest@f6c48ac]" name="closeBrowser" is-config="true" duration-ms="437" started-at="2018-09-24T01:13:47Z" finished-at="2018-09-24T01:13:47Z">
          <reporter-output>
          </reporter-output>
        </test-method> <!-- closeBrowser -->
      </class> <!-- com.pom.pages.pomMercury.BookFlightTest -->
    </test> <!-- Default test -->
  </suite> <!-- Default suite -->
</testng-results>
