<?xml version="1.0" encoding="UTF-8"?>
<!-- Generated by org.testng.reporters.JUnitXMLReporter -->
<testsuite hostname="G1C2ML14375" ignored="5" name="Test" tests="4" failures="0" timestamp="02 Sep 2018 16:47:50 GMT" time="0.107" errors="0">
  <testcase name="print" time="0.018" classname="testngproject.Grouping"/>
  <testcase name="print4" time="0.003" classname="testngproject.Grouping"/>
  <testcase name="print4" time="0.004" classname="testngproject.Grouping"/>
  <testcase name="print4" time="0.003" classname="testngproject.Grouping"/>
  <testcase name="print3" time="0.0" classname="testngproject.Grouping">
    <ignored/>
  </testcase> <!-- print3 -->
  <testcase name="print6" time="0.0" classname="testngproject.Grouping">
    <ignored/>
  </testcase> <!-- print6 -->
  <testcase name="print7" time="0.0" classname="testngproject.Grouping">
    <ignored/>
  </testcase> <!-- print7 -->
  <testcase name="print1" time="0.0" classname="testngproject.Grouping">
    <ignored/>
  </testcase> <!-- print1 -->
  <testcase name="print5" time="0.0" classname="testngproject.Grouping">
    <ignored/>
  </testcase> <!-- print5 -->
</testsuite> <!-- Test -->
