<?xml version="1.0" encoding="UTF-8"?>
<!-- Generated by org.testng.reporters.JUnitXMLReporter -->
<testsuite hostname="G1C2ML14375" ignored="0" name="Default test" tests="4" failures="0" timestamp="29 Aug 2018 09:12:31 GMT" time="84.529" errors="0">
  <testcase name="loginFunc" time="4.692" classname="com.ddf.test.TestLogin"/>
  <testcase name="loginFunc" time="10.992" classname="com.ddf.test.TestLogin"/>
  <testcase name="loginFunc" time="9.643" classname="com.ddf.test.TestLogin"/>
  <testcase name="loginFunc" time="0.131" classname="com.ddf.test.TestLogin"/>
</testsuite> <!-- Default test -->
