<?xml version="1.0" encoding="UTF-8"?>
<testng-results skipped="0" failed="0" ignored="0" total="1" passed="1">
  <reporter-output>
  </reporter-output>
  <suite name="Default suite" duration-ms="27343" started-at="2018-08-28T04:31:01Z" finished-at="2018-08-28T04:31:28Z">
    <groups>
    </groups>
    <test name="Default test" duration-ms="27343" started-at="2018-08-28T04:31:01Z" finished-at="2018-08-28T04:31:28Z">
      <class name="com.kdf1.test.Application">
        <test-method status="PASS" signature="kdf()[pri:0, instance:com.kdf1.test.Application@1bce4f0a]" name="kdf" duration-ms="27296" started-at="2018-08-28T04:31:01Z" finished-at="2018-08-28T04:31:28Z">
          <reporter-output>
          </reporter-output>
        </test-method> <!-- kdf -->
      </class> <!-- com.kdf1.test.Application -->
    </test> <!-- Default test -->
  </suite> <!-- Default suite -->
</testng-results>
